<html>
<body>
<pre>
<h1>µVision Build Log</h1>
<h2>Tool Versions:</h2>
IDE-Version: ÂµVision V5.38.0.0
Copyright (C) 2022 ARM Ltd and ARM Germany GmbH. All rights reserved.
License Information: M11102126 M11102126, NTUST, LIC=D0D7S-L4YIX-01PP1-CGSX4-HYESN-NXVAH
 
Tool Versions:
Toolchain:       MDK-ARM Plus  Version: 5.38.0.0
Toolchain Path:  C:\Keil_v5\ARM\ARMCLANG\Bin
C Compiler:      ArmClang.exe V6.19
Assembler:       Armasm.exe V6.19
Linker/Locator:  ArmLink.exe V6.19
Library Manager: ArmAr.exe V6.19
Hex Converter:   FromElf.exe V6.19
CPU DLL:         SARMCM3.DLL V5.38.0.0
Dialog DLL:      DARMCM1.DLL V1.19.6.0
Target DLL:      STLink\ST-LINKIII-KEIL_SWO.dll V3.1.0.0
Dialog DLL:      TARMCM1.DLL V1.14.6.0
 
<h2>Project:</h2>
D:\Code\ARM-Microcontroller\STM32\STM32L053R8T6\NUCLEO-L053R8_Projects\_Reference\Defult_pin_uart_video_0329\MDK-ARM\Defult_pin_uart_video_0329.uvprojx
Project File Date:  03/31/2023

<h2>Output:</h2>
*** Using Compiler 'V6.19', folder: 'C:\Keil_v5\ARM\ARMCLANG\Bin'
Build target 'Defult_pin_uart_video_0329'
../Core/Src/main.c(159): error: function definition is not allowed here
{
^
../Core/Src/main.c(211): error: function definition is not allowed here
{
^
../Core/Src/main.c(236): error: expected '}'
#endif /* USE_FULL_ASSERT */
                            ^
../Core/Src/main.c(84): note: to match this '{'
{
^
3 errors generated.
compiling main.c...
compiling stm32l0xx_hal_tim.c...
compiling stm32l0xx_hal_msp.c...
compiling gpio.c...
compiling stm32l0xx_it.c...
compiling dma.c...
../Core/Src/usart.c(228): error: call to undeclared function 'json_action'; ISO C99 and later do not support implicit function declarations [-Wimplicit-function-declaration]
                        json_action((char*)MainBuf, sizeof(char)*MainBuf_SIZE);
                        ^
../Core/Src/usart.c(232): error: conflicting types for 'json_action'
void json_action(char *JSON_STRING, uint16_t token_size)
     ^
../Core/Src/usart.c(228): note: previous implicit declaration is here
                        json_action((char*)MainBuf, sizeof(char)*MainBuf_SIZE);
                        ^
../Core/Src/usart.c(235): error: call to undeclared function 'cJSON_ParseWithLength'; ISO C99 and later do not support implicit function declarations [-Wimplicit-function-declaration]
                cJSON *root = cJSON_ParseWithLength(JSON_STRING, token_size);
                              ^
../Core/Src/usart.c(235): note: did you mean 'cJSON_ParseWithOpts'?
../cJSON\cJSON.h(129): note: 'cJSON_ParseWithOpts' declared here
extern cJSON *cJSON_ParseWithOpts(const char *value,const char **return_parse_end,int require_null_terminated);
              ^
../Core/Src/usart.c(235): error: incompatible integer to pointer conversion initializing 'cJSON *' (aka 'struct cJSON *') with an expression of type 'int' [-Wint-conversion]
                cJSON *root = cJSON_ParseWithLength(JSON_STRING, token_size);
                       ^      ~~~~~~~~~~~~~~~~~~~~~~~~~~~~~~~~~~~~~~~~~~~~~~
../Core/Src/usart.c(237): error: use of undeclared identifier 'strArr'
    printf("strArr[]:%s \r\n",strArr);
                              ^
../Core/Src/usart.c(239): error: use of undeclared identifier 'str_json'
    str_json = cJSON_Parse(strArr);   //??JSON????,??JSON??????
    ^
../Core/Src/usart.c(239): error: use of undeclared identifier 'strArr'
    str_json = cJSON_Parse(strArr);   //??JSON????,??JSON??????
                           ^
../Core/Src/usart.c(240): error: use of undeclared identifier 'str_json'
    if (!str_json)
         ^
../Core/Src/usart.c(246): error: use of undeclared identifier 'str_json'
        printf("JSON_script_correct:%s \r\n",cJSON_Print(str_json) );
                                                         ^
../Core/Src/usart.c(247): error: use of undeclared identifier 'str_name'
        str_name = cJSON_GetObjectItem(str_json, "name"); //??name????????
        ^
../Core/Src/usart.c(247): error: use of undeclared identifier 'str_json'
        str_name = cJSON_GetObjectItem(str_json, "name"); //??name????????
                                       ^
../Core/Src/usart.c(248): error: use of undeclared identifier 'str_name'
        if (str_name->type == cJSON_String)
            ^
../Core/Src/usart.c(250): error: use of undeclared identifier 'str_name'
            printf("name:%s \r\n", str_name->valuestring);
                                   ^
../Core/Src/usart.c(252): error: use of undeclared identifier 'str_age'
        str_age = cJSON_GetObjectItem(str_json, "age");   //??age????????
        ^
../Core/Src/usart.c(252): error: use of undeclared identifier 'str_json'
        str_age = cJSON_GetObjectItem(str_json, "age");   //??age????????
                                      ^
../Core/Src/usart.c(253): error: use of undeclared identifier 'str_age'
        if(str_age->type==cJSON_Number)
           ^
../Core/Src/usart.c(255): error: use of undeclared identifier 'str_age'
            printf("edge:%d \r\n", str_age->valueint);
                                   ^
../Core/Src/usart.c(257): error: use of undeclared identifier 'str_json'
        cJSON_Delete(str_json);    //????
                     ^
18 errors generated.
compiling usart.c...
compiling stm32l0xx_hal_tim_ex.c...
compiling stm32l0xx_hal.c...
compiling stm32l0xx_hal_i2c_ex.c...
compiling stm32l0xx_hal_uart_ex.c...
compiling stm32l0xx_hal_rcc.c...
compiling stm32l0xx_hal_uart.c...
compiling stm32l0xx_hal_flash_ramfunc.c...
compiling stm32l0xx_hal_flash.c...
compiling stm32l0xx_hal_rcc_ex.c...
compiling stm32l0xx_hal_flash_ex.c...
compiling stm32l0xx_hal_gpio.c...
compiling stm32l0xx_hal_dma.c...
compiling stm32l0xx_hal_i2c.c...
compiling stm32l0xx_hal_pwr_ex.c...
compiling stm32l0xx_hal_pwr.c...
compiling stm32l0xx_hal_cortex.c...
compiling stm32l0xx_hal_exti.c...
compiling system_stm32l0xx.c...
compiling cJSON.c...
"Defult_pin_uart_video_0329\Defult_pin_uart_video_0329.axf" - 21 Error(s), 0 Warning(s).

<h2>Software Packages used:</h2>

Package Vendor: ARM
                http://www.keil.com/pack/ARM.CMSIS.5.9.0.pack
                ARM.CMSIS.5.9.0
                CMSIS (Common Microcontroller Software Interface Standard)
   * Component: CORE Version: 5.6.0

Package Vendor: Keil
                http://www.keil.com/pack/Keil.STM32L0xx_DFP.2.2.0.pack
                Keil.STM32L0xx_DFP.2.2.0
                STMicroelectronics STM32L0 Series Device Support, Drivers and Examples

<h2>Collection of Component include folders:</h2>
  ./RTE/_Defult_pin_uart_video_0329
  C:/Users/user/AppData/Local/Arm/Packs/ARM/CMSIS/5.9.0/CMSIS/Core/Include
  C:/Users/user/AppData/Local/Arm/Packs/Keil/STM32L0xx_DFP/2.2.0/Drivers/CMSIS/Device/ST/STM32L0xx/Include

<h2>Collection of Component Files used:</h2>

   * Component: ARM::CMSIS:CORE:5.6.0
      Include file:  CMSIS/Core/Include/tz_context.h
Target not created.
Build Time Elapsed:  00:00:05
</pre>
</body>
</html>
